<?xml version="1.0" encoding="UTF-8"?>
<coverage generated="1727396966935" clover="3.2.0">
  <project timestamp="1727396966936" name="All files">
    <metrics statements="144" coveredstatements="126" conditionals="58" coveredconditionals="34" methods="40" coveredmethods="35" elements="242" coveredelements="195" complexity="0" loc="144" ncloc="144" packages="1" files="3" classes="3"/>
    <file name="navbar.js" path="/Users/craigtroop/Documents/GitHub/OpenWaves/openwaves/static/js/navbar.js">
      <metrics statements="19" coveredstatements="19" conditionals="8" coveredconditionals="8" methods="5" coveredmethods="5"/>
      <line num="12" count="12" type="stmt"/>
      <line num="13" count="12" type="stmt"/>
      <line num="16" count="12" type="cond" truecount="2" falsecount="0"/>
      <line num="18" count="10" type="stmt"/>
      <line num="19" count="10" type="stmt"/>
      <line num="22" count="10" type="stmt"/>
      <line num="23" count="10" type="stmt"/>
      <line num="26" count="2" type="stmt"/>
      <line num="31" count="1" type="stmt"/>
      <line num="33" count="1" type="stmt"/>
      <line num="35" count="15" type="stmt"/>
      <line num="41" count="15" type="cond" truecount="2" falsecount="0"/>
      <line num="43" count="14" type="stmt"/>
      <line num="45" count="15" type="stmt"/>
      <line num="46" count="6" type="stmt"/>
      <line num="50" count="15" type="stmt"/>
      <line num="51" count="5" type="cond" truecount="4" falsecount="0"/>
      <line num="52" count="4" type="stmt"/>
      <line num="53" count="4" type="stmt"/>
    </file>
    <file name="pools.js" path="/Users/craigtroop/Documents/GitHub/OpenWaves/openwaves/static/js/pools.js">
      <metrics statements="82" coveredstatements="70" conditionals="30" coveredconditionals="15" methods="17" coveredmethods="15"/>
      <line num="1" count="1" type="stmt"/>
      <line num="3" count="9" type="stmt"/>
      <line num="4" count="9" type="stmt"/>
      <line num="5" count="2" type="stmt"/>
      <line num="6" count="2" type="stmt"/>
      <line num="7" count="2" type="stmt"/>
      <line num="9" count="2" type="cond" truecount="1" falsecount="1"/>
      <line num="10" count="2" type="stmt"/>
      <line num="18" count="2" type="cond" truecount="2" falsecount="0"/>
      <line num="19" count="1" type="stmt"/>
      <line num="20" count="1" type="stmt"/>
      <line num="22" count="1" type="stmt"/>
      <line num="26" count="0" type="stmt"/>
      <line num="27" count="0" type="stmt"/>
      <line num="34" count="9" type="stmt"/>
      <line num="35" count="9" type="stmt"/>
      <line num="36" count="1" type="stmt"/>
      <line num="37" count="1" type="stmt"/>
      <line num="42" count="9" type="stmt"/>
      <line num="43" count="9" type="cond" truecount="1" falsecount="1"/>
      <line num="44" count="9" type="stmt"/>
      <line num="45" count="9" type="stmt"/>
      <line num="46" count="1" type="stmt"/>
      <line num="47" count="1" type="stmt"/>
      <line num="53" count="9" type="stmt"/>
      <line num="54" count="9" type="stmt"/>
      <line num="55" count="1" type="stmt"/>
      <line num="56" count="1" type="stmt"/>
      <line num="57" count="1" type="stmt"/>
      <line num="58" count="1" type="stmt"/>
      <line num="61" count="1" type="stmt"/>
      <line num="66" count="1" type="cond" truecount="1" falsecount="1"/>
      <line num="67" count="1" type="stmt"/>
      <line num="68" count="1" type="stmt"/>
      <line num="70" count="0" type="stmt"/>
      <line num="74" count="1" type="stmt"/>
      <line num="79" count="9" type="stmt"/>
      <line num="80" count="9" type="stmt"/>
      <line num="81" count="9" type="stmt"/>
      <line num="82" count="9" type="stmt"/>
      <line num="83" count="9" type="stmt"/>
      <line num="84" count="9" type="stmt"/>
      <line num="87" count="9" type="cond" truecount="1" falsecount="1"/>
      <line num="88" count="9" type="stmt"/>
      <line num="90" count="0" type="stmt"/>
      <line num="91" count="0" type="stmt"/>
      <line num="92" count="0" type="stmt"/>
      <line num="95" count="0" type="stmt"/>
      <line num="100" count="9" type="cond" truecount="1" falsecount="1"/>
      <line num="101" count="9" type="stmt"/>
      <line num="102" count="1" type="stmt"/>
      <line num="108" count="9" type="stmt"/>
      <line num="109" count="9" type="cond" truecount="1" falsecount="1"/>
      <line num="110" count="9" type="stmt"/>
      <line num="111" count="1" type="stmt"/>
      <line num="117" count="9" type="cond" truecount="1" falsecount="1"/>
      <line num="118" count="9" type="stmt"/>
      <line num="119" count="1" type="stmt"/>
      <line num="120" count="1" type="cond" truecount="1" falsecount="1"/>
      <line num="121" count="0" type="stmt"/>
      <line num="122" count="1" type="cond" truecount="1" falsecount="1"/>
      <line num="123" count="1" type="stmt"/>
      <line num="124" count="0" type="cond" truecount="0" falsecount="2"/>
      <line num="125" count="0" type="stmt"/>
      <line num="131" count="9" type="cond" truecount="1" falsecount="1"/>
      <line num="132" count="9" type="stmt"/>
      <line num="133" count="1" type="stmt"/>
      <line num="134" count="1" type="cond" truecount="1" falsecount="1"/>
      <line num="135" count="1" type="stmt"/>
      <line num="136" count="1" type="stmt"/>
      <line num="137" count="1" type="stmt"/>
      <line num="144" count="9" type="stmt"/>
      <line num="145" count="9" type="cond" truecount="1" falsecount="1"/>
      <line num="146" count="9" type="stmt"/>
      <line num="147" count="1" type="stmt"/>
      <line num="149" count="1" type="stmt"/>
      <line num="152" count="1" type="stmt"/>
      <line num="157" count="1" type="cond" truecount="1" falsecount="1"/>
      <line num="158" count="0" type="stmt"/>
      <line num="159" count="0" type="stmt"/>
      <line num="161" count="1" type="stmt"/>
      <line num="165" count="1" type="stmt"/>
    </file>
    <file name="ve_sessions.js" path="/Users/craigtroop/Documents/GitHub/OpenWaves/openwaves/static/js/ve_sessions.js">
      <metrics statements="43" coveredstatements="37" conditionals="20" coveredconditionals="11" methods="18" coveredmethods="15"/>
      <line num="1" count="1" type="stmt"/>
      <line num="3" count="7" type="stmt"/>
      <line num="4" count="7" type="cond" truecount="1" falsecount="1"/>
      <line num="5" count="7" type="stmt"/>
      <line num="6" count="7" type="stmt"/>
      <line num="7" count="7" type="stmt"/>
      <line num="12" count="1" type="cond" truecount="1" falsecount="1"/>
      <line num="13" count="1" type="stmt"/>
      <line num="15" count="0" type="stmt"/>
      <line num="21" count="7" type="stmt"/>
      <line num="22" count="7" type="stmt"/>
      <line num="24" count="0" type="stmt"/>
      <line num="31" count="3" type="stmt"/>
      <line num="32" count="3" type="cond" truecount="1" falsecount="1"/>
      <line num="34" count="3" type="stmt"/>
      <line num="39" count="3" type="stmt"/>
      <line num="41" count="0" type="stmt"/>
      <line num="42" count="0" type="stmt"/>
      <line num="48" count="7" type="stmt"/>
      <line num="49" count="7" type="stmt"/>
      <line num="50" count="7" type="stmt"/>
      <line num="51" count="7" type="stmt"/>
      <line num="53" count="7" type="stmt"/>
      <line num="55" count="7" type="stmt"/>
      <line num="56" count="1" type="stmt"/>
      <line num="57" count="1" type="stmt"/>
      <line num="58" count="1" type="stmt"/>
      <line num="59" count="1" type="stmt"/>
      <line num="61" count="1" type="cond" truecount="1" falsecount="1"/>
      <line num="62" count="0" type="stmt"/>
      <line num="69" count="21" type="stmt"/>
      <line num="70" count="21" type="stmt"/>
      <line num="71" count="4" type="stmt"/>
      <line num="72" count="4" type="stmt"/>
      <line num="74" count="4" type="cond" truecount="4" falsecount="0"/>
      <line num="76" count="3" type="stmt"/>
      <line num="78" count="3" type="cond" truecount="1" falsecount="1"/>
      <line num="79" count="0" type="stmt"/>
      <line num="86" count="7" type="stmt"/>
      <line num="89" count="7" type="stmt"/>
      <line num="92" count="7" type="stmt"/>
      <line num="93" count="7" type="stmt"/>
      <line num="94" count="7" type="stmt"/>
    </file>
  </project>
</coverage>
