{"/Users/craigtroop/Documents/GitHub/OpenWaves/openwaves/static/js/navbar.js": {"path":"/Users/craigtroop/Documents/GitHub/OpenWaves/openwaves/static/js/navbar.js","statementMap":{"0":{"start":{"line":12,"column":19},"end":{"line":12,"column":37}},"1":{"start":{"line":13,"column":20},"end":{"line":13,"column":51}},"2":{"start":{"line":16,"column":4},"end":{"line":27,"column":5}},"3":{"start":{"line":18,"column":8},"end":{"line":18,"column":42}},"4":{"start":{"line":19,"column":8},"end":{"line":19,"column":46}},"5":{"start":{"line":22,"column":27},"end":{"line":22,"column":71}},"6":{"start":{"line":23,"column":8},"end":{"line":23,"column":55}},"7":{"start":{"line":26,"column":8},"end":{"line":26,"column":83}},"8":{"start":{"line":31,"column":0},"end":{"line":31,"column":31}},"9":{"start":{"line":33,"column":0},"end":{"line":58,"column":3}},"10":{"start":{"line":35,"column":27},"end":{"line":38,"column":5}},"11":{"start":{"line":41,"column":4},"end":{"line":57,"column":5}},"12":{"start":{"line":43,"column":8},"end":{"line":56,"column":11}},"13":{"start":{"line":45,"column":12},"end":{"line":47,"column":15}},"14":{"start":{"line":46,"column":16},"end":{"line":46,"column":32}},"15":{"start":{"line":50,"column":12},"end":{"line":55,"column":15}},"16":{"start":{"line":51,"column":16},"end":{"line":54,"column":17}},"17":{"start":{"line":52,"column":20},"end":{"line":52,"column":43}},"18":{"start":{"line":53,"column":20},"end":{"line":53,"column":36}}},"fnMap":{"0":{"name":"toggleMenu","decl":{"start":{"line":10,"column":9},"end":{"line":10,"column":19}},"loc":{"start":{"line":10,"column":25},"end":{"line":28,"column":1}},"line":10},"1":{"name":"(anonymous_1)","decl":{"start":{"line":33,"column":46},"end":{"line":33,"column":47}},"loc":{"start":{"line":33,"column":58},"end":{"line":58,"column":1}},"line":33},"2":{"name":"(anonymous_2)","decl":{"start":{"line":43,"column":31},"end":{"line":43,"column":32}},"loc":{"start":{"line":43,"column":46},"end":{"line":56,"column":9}},"line":43},"3":{"name":"(anonymous_3)","decl":{"start":{"line":45,"column":42},"end":{"line":45,"column":43}},"loc":{"start":{"line":45,"column":54},"end":{"line":47,"column":13}},"line":45},"4":{"name":"(anonymous_4)","decl":{"start":{"line":50,"column":44},"end":{"line":50,"column":45}},"loc":{"start":{"line":50,"column":61},"end":{"line":55,"column":13}},"line":50}},"branchMap":{"0":{"loc":{"start":{"line":16,"column":4},"end":{"line":27,"column":5}},"type":"if","locations":[{"start":{"line":16,"column":4},"end":{"line":27,"column":5}},{"start":{"line":24,"column":11},"end":{"line":27,"column":5}}],"line":16},"1":{"loc":{"start":{"line":41,"column":4},"end":{"line":57,"column":5}},"type":"if","locations":[{"start":{"line":41,"column":4},"end":{"line":57,"column":5}},{"start":{},"end":{}}],"line":41},"2":{"loc":{"start":{"line":51,"column":16},"end":{"line":54,"column":17}},"type":"if","locations":[{"start":{"line":51,"column":16},"end":{"line":54,"column":17}},{"start":{},"end":{}}],"line":51},"3":{"loc":{"start":{"line":51,"column":20},"end":{"line":51,"column":62}},"type":"binary-expr","locations":[{"start":{"line":51,"column":20},"end":{"line":51,"column":41}},{"start":{"line":51,"column":45},"end":{"line":51,"column":62}}],"line":51}},"s":{"0":12,"1":12,"2":12,"3":10,"4":10,"5":10,"6":10,"7":2,"8":1,"9":1,"10":15,"11":15,"12":14,"13":15,"14":6,"15":15,"16":5,"17":4,"18":4},"f":{"0":12,"1":15,"2":15,"3":6,"4":5},"b":{"0":[10,2],"1":[14,1],"2":[4,1],"3":[5,3]},"_coverageSchema":"1a1c01bbd47fc00a2c39e90264f33305004495a9","hash":"490a02226219353db99ea7fe60db8d534bc5eb06"}
,"/Users/craigtroop/Documents/GitHub/OpenWaves/openwaves/static/js/pools.js": {"path":"/Users/craigtroop/Documents/GitHub/OpenWaves/openwaves/static/js/pools.js","statementMap":{"0":{"start":{"line":1,"column":0},"end":{"line":168,"column":3}},"1":{"start":{"line":3,"column":4},"end":{"line":31,"column":7}},"2":{"start":{"line":4,"column":8},"end":{"line":30,"column":11}},"3":{"start":{"line":5,"column":27},"end":{"line":5,"column":55}},"4":{"start":{"line":6,"column":29},"end":{"line":6,"column":59}},"5":{"start":{"line":7,"column":30},"end":{"line":7,"column":86}},"6":{"start":{"line":9,"column":12},"end":{"line":29,"column":13}},"7":{"start":{"line":10,"column":16},"end":{"line":28,"column":19}},"8":{"start":{"line":18,"column":20},"end":{"line":23,"column":21}},"9":{"start":{"line":19,"column":24},"end":{"line":19,"column":60}},"10":{"start":{"line":20,"column":24},"end":{"line":20,"column":42}},"11":{"start":{"line":22,"column":24},"end":{"line":22,"column":71}},"12":{"start":{"line":26,"column":20},"end":{"line":26,"column":51}},"13":{"start":{"line":27,"column":20},"end":{"line":27,"column":67}},"14":{"start":{"line":34,"column":4},"end":{"line":39,"column":7}},"15":{"start":{"line":35,"column":8},"end":{"line":38,"column":11}},"16":{"start":{"line":36,"column":27},"end":{"line":36,"column":48}},"17":{"start":{"line":37,"column":12},"end":{"line":37,"column":89}},"18":{"start":{"line":42,"column":25},"end":{"line":42,"column":58}},"19":{"start":{"line":43,"column":4},"end":{"line":50,"column":5}},"20":{"start":{"line":44,"column":8},"end":{"line":49,"column":11}},"21":{"start":{"line":45,"column":12},"end":{"line":48,"column":15}},"22":{"start":{"line":46,"column":32},"end":{"line":46,"column":57}},"23":{"start":{"line":47,"column":16},"end":{"line":47,"column":79}},"24":{"start":{"line":53,"column":4},"end":{"line":76,"column":7}},"25":{"start":{"line":54,"column":8},"end":{"line":75,"column":11}},"26":{"start":{"line":55,"column":12},"end":{"line":55,"column":31}},"27":{"start":{"line":56,"column":27},"end":{"line":56,"column":48}},"28":{"start":{"line":57,"column":25},"end":{"line":57,"column":73}},"29":{"start":{"line":58,"column":29},"end":{"line":58,"column":47}},"30":{"start":{"line":61,"column":29},"end":{"line":64,"column":14}},"31":{"start":{"line":66,"column":12},"end":{"line":71,"column":13}},"32":{"start":{"line":67,"column":16},"end":{"line":67,"column":58}},"33":{"start":{"line":68,"column":16},"end":{"line":68,"column":34}},"34":{"start":{"line":70,"column":16},"end":{"line":70,"column":69}},"35":{"start":{"line":74,"column":12},"end":{"line":74,"column":92}},"36":{"start":{"line":79,"column":29},"end":{"line":79,"column":74}},"37":{"start":{"line":80,"column":28},"end":{"line":80,"column":72}},"38":{"start":{"line":81,"column":29},"end":{"line":81,"column":65}},"39":{"start":{"line":82,"column":29},"end":{"line":82,"column":68}},"40":{"start":{"line":83,"column":27},"end":{"line":83,"column":64}},"41":{"start":{"line":84,"column":25},"end":{"line":84,"column":60}},"42":{"start":{"line":87,"column":4},"end":{"line":97,"column":5}},"43":{"start":{"line":88,"column":8},"end":{"line":96,"column":11}},"44":{"start":{"line":90,"column":32},"end":{"line":90,"column":56}},"45":{"start":{"line":91,"column":12},"end":{"line":91,"column":58}},"46":{"start":{"line":92,"column":12},"end":{"line":92,"column":60}},"47":{"start":{"line":95,"column":12},"end":{"line":95,"column":55}},"48":{"start":{"line":100,"column":4},"end":{"line":104,"column":5}},"49":{"start":{"line":101,"column":8},"end":{"line":103,"column":11}},"50":{"start":{"line":102,"column":12},"end":{"line":102,"column":58}},"51":{"start":{"line":108,"column":27},"end":{"line":108,"column":70}},"52":{"start":{"line":109,"column":4},"end":{"line":113,"column":5}},"53":{"start":{"line":110,"column":8},"end":{"line":112,"column":11}},"54":{"start":{"line":111,"column":12},"end":{"line":111,"column":58}},"55":{"start":{"line":117,"column":4},"end":{"line":128,"column":5}},"56":{"start":{"line":118,"column":8},"end":{"line":127,"column":11}},"57":{"start":{"line":119,"column":33},"end":{"line":119,"column":55}},"58":{"start":{"line":120,"column":12},"end":{"line":126,"column":13}},"59":{"start":{"line":121,"column":16},"end":{"line":121,"column":43}},"60":{"start":{"line":122,"column":19},"end":{"line":126,"column":13}},"61":{"start":{"line":123,"column":16},"end":{"line":123,"column":43}},"62":{"start":{"line":124,"column":19},"end":{"line":126,"column":13}},"63":{"start":{"line":125,"column":16},"end":{"line":125,"column":43}},"64":{"start":{"line":131,"column":4},"end":{"line":140,"column":5}},"65":{"start":{"line":132,"column":8},"end":{"line":139,"column":11}},"66":{"start":{"line":133,"column":30},"end":{"line":133,"column":60}},"67":{"start":{"line":134,"column":12},"end":{"line":138,"column":13}},"68":{"start":{"line":135,"column":32},"end":{"line":135,"column":51}},"69":{"start":{"line":136,"column":16},"end":{"line":136,"column":65}},"70":{"start":{"line":137,"column":16},"end":{"line":137,"column":70}},"71":{"start":{"line":144,"column":27},"end":{"line":144,"column":70}},"72":{"start":{"line":145,"column":4},"end":{"line":167,"column":5}},"73":{"start":{"line":146,"column":8},"end":{"line":166,"column":11}},"74":{"start":{"line":147,"column":12},"end":{"line":147,"column":31}},"75":{"start":{"line":149,"column":29},"end":{"line":149,"column":86}},"76":{"start":{"line":152,"column":29},"end":{"line":155,"column":14}},"77":{"start":{"line":157,"column":12},"end":{"line":162,"column":13}},"78":{"start":{"line":158,"column":16},"end":{"line":158,"column":52}},"79":{"start":{"line":159,"column":16},"end":{"line":159,"column":34}},"80":{"start":{"line":161,"column":16},"end":{"line":161,"column":63}},"81":{"start":{"line":165,"column":12},"end":{"line":165,"column":58}}},"fnMap":{"0":{"name":"(anonymous_0)","decl":{"start":{"line":1,"column":46},"end":{"line":1,"column":47}},"loc":{"start":{"line":1,"column":57},"end":{"line":168,"column":1}},"line":1},"1":{"name":"(anonymous_1)","decl":{"start":{"line":3,"column":61},"end":{"line":3,"column":62}},"loc":{"start":{"line":3,"column":71},"end":{"line":31,"column":5}},"line":3},"2":{"name":"(anonymous_2)","decl":{"start":{"line":4,"column":41},"end":{"line":4,"column":42}},"loc":{"start":{"line":4,"column":52},"end":{"line":30,"column":9}},"line":4},"3":{"name":"(anonymous_3)","decl":{"start":{"line":17,"column":22},"end":{"line":17,"column":23}},"loc":{"start":{"line":17,"column":34},"end":{"line":24,"column":17}},"line":17},"4":{"name":"(anonymous_4)","decl":{"start":{"line":25,"column":23},"end":{"line":25,"column":24}},"loc":{"start":{"line":25,"column":32},"end":{"line":28,"column":17}},"line":25},"5":{"name":"(anonymous_5)","decl":{"start":{"line":34,"column":61},"end":{"line":34,"column":62}},"loc":{"start":{"line":34,"column":71},"end":{"line":39,"column":5}},"line":34},"6":{"name":"(anonymous_6)","decl":{"start":{"line":35,"column":41},"end":{"line":35,"column":42}},"loc":{"start":{"line":35,"column":52},"end":{"line":38,"column":9}},"line":35},"7":{"name":"(anonymous_7)","decl":{"start":{"line":44,"column":53},"end":{"line":44,"column":54}},"loc":{"start":{"line":44,"column":63},"end":{"line":49,"column":9}},"line":44},"8":{"name":"(anonymous_8)","decl":{"start":{"line":45,"column":45},"end":{"line":45,"column":46}},"loc":{"start":{"line":45,"column":56},"end":{"line":48,"column":13}},"line":45},"9":{"name":"(anonymous_9)","decl":{"start":{"line":53,"column":61},"end":{"line":53,"column":62}},"loc":{"start":{"line":53,"column":71},"end":{"line":76,"column":5}},"line":53},"10":{"name":"(anonymous_10)","decl":{"start":{"line":54,"column":41},"end":{"line":54,"column":42}},"loc":{"start":{"line":54,"column":59},"end":{"line":75,"column":9}},"line":54},"11":{"name":"(anonymous_11)","decl":{"start":{"line":88,"column":51},"end":{"line":88,"column":52}},"loc":{"start":{"line":88,"column":62},"end":{"line":96,"column":9}},"line":88},"12":{"name":"(anonymous_12)","decl":{"start":{"line":101,"column":68},"end":{"line":101,"column":69}},"loc":{"start":{"line":101,"column":79},"end":{"line":103,"column":9}},"line":101},"13":{"name":"(anonymous_13)","decl":{"start":{"line":110,"column":78},"end":{"line":110,"column":79}},"loc":{"start":{"line":110,"column":89},"end":{"line":112,"column":9}},"line":110},"14":{"name":"(anonymous_14)","decl":{"start":{"line":118,"column":52},"end":{"line":118,"column":53}},"loc":{"start":{"line":118,"column":63},"end":{"line":127,"column":9}},"line":118},"15":{"name":"(anonymous_15)","decl":{"start":{"line":132,"column":50},"end":{"line":132,"column":51}},"loc":{"start":{"line":132,"column":61},"end":{"line":139,"column":9}},"line":132},"16":{"name":"(anonymous_16)","decl":{"start":{"line":146,"column":78},"end":{"line":146,"column":79}},"loc":{"start":{"line":146,"column":96},"end":{"line":166,"column":9}},"line":146}},"branchMap":{"0":{"loc":{"start":{"line":9,"column":12},"end":{"line":29,"column":13}},"type":"if","locations":[{"start":{"line":9,"column":12},"end":{"line":29,"column":13}},{"start":{},"end":{}}],"line":9},"1":{"loc":{"start":{"line":18,"column":20},"end":{"line":23,"column":21}},"type":"if","locations":[{"start":{"line":18,"column":20},"end":{"line":23,"column":21}},{"start":{"line":21,"column":27},"end":{"line":23,"column":21}}],"line":18},"2":{"loc":{"start":{"line":43,"column":4},"end":{"line":50,"column":5}},"type":"if","locations":[{"start":{"line":43,"column":4},"end":{"line":50,"column":5}},{"start":{},"end":{}}],"line":43},"3":{"loc":{"start":{"line":66,"column":12},"end":{"line":71,"column":13}},"type":"if","locations":[{"start":{"line":66,"column":12},"end":{"line":71,"column":13}},{"start":{"line":69,"column":19},"end":{"line":71,"column":13}}],"line":66},"4":{"loc":{"start":{"line":87,"column":4},"end":{"line":97,"column":5}},"type":"if","locations":[{"start":{"line":87,"column":4},"end":{"line":97,"column":5}},{"start":{},"end":{}}],"line":87},"5":{"loc":{"start":{"line":100,"column":4},"end":{"line":104,"column":5}},"type":"if","locations":[{"start":{"line":100,"column":4},"end":{"line":104,"column":5}},{"start":{},"end":{}}],"line":100},"6":{"loc":{"start":{"line":109,"column":4},"end":{"line":113,"column":5}},"type":"if","locations":[{"start":{"line":109,"column":4},"end":{"line":113,"column":5}},{"start":{},"end":{}}],"line":109},"7":{"loc":{"start":{"line":117,"column":4},"end":{"line":128,"column":5}},"type":"if","locations":[{"start":{"line":117,"column":4},"end":{"line":128,"column":5}},{"start":{},"end":{}}],"line":117},"8":{"loc":{"start":{"line":120,"column":12},"end":{"line":126,"column":13}},"type":"if","locations":[{"start":{"line":120,"column":12},"end":{"line":126,"column":13}},{"start":{"line":122,"column":19},"end":{"line":126,"column":13}}],"line":120},"9":{"loc":{"start":{"line":122,"column":19},"end":{"line":126,"column":13}},"type":"if","locations":[{"start":{"line":122,"column":19},"end":{"line":126,"column":13}},{"start":{"line":124,"column":19},"end":{"line":126,"column":13}}],"line":122},"10":{"loc":{"start":{"line":124,"column":19},"end":{"line":126,"column":13}},"type":"if","locations":[{"start":{"line":124,"column":19},"end":{"line":126,"column":13}},{"start":{},"end":{}}],"line":124},"11":{"loc":{"start":{"line":131,"column":4},"end":{"line":140,"column":5}},"type":"if","locations":[{"start":{"line":131,"column":4},"end":{"line":140,"column":5}},{"start":{},"end":{}}],"line":131},"12":{"loc":{"start":{"line":134,"column":12},"end":{"line":138,"column":13}},"type":"if","locations":[{"start":{"line":134,"column":12},"end":{"line":138,"column":13}},{"start":{},"end":{}}],"line":134},"13":{"loc":{"start":{"line":145,"column":4},"end":{"line":167,"column":5}},"type":"if","locations":[{"start":{"line":145,"column":4},"end":{"line":167,"column":5}},{"start":{},"end":{}}],"line":145},"14":{"loc":{"start":{"line":157,"column":12},"end":{"line":162,"column":13}},"type":"if","locations":[{"start":{"line":157,"column":12},"end":{"line":162,"column":13}},{"start":{"line":160,"column":19},"end":{"line":162,"column":13}}],"line":157}},"s":{"0":1,"1":9,"2":9,"3":2,"4":2,"5":2,"6":2,"7":2,"8":2,"9":1,"10":1,"11":1,"12":0,"13":0,"14":9,"15":9,"16":1,"17":1,"18":9,"19":9,"20":9,"21":9,"22":1,"23":1,"24":9,"25":9,"26":1,"27":1,"28":1,"29":1,"30":1,"31":1,"32":1,"33":1,"34":0,"35":1,"36":9,"37":9,"38":9,"39":9,"40":9,"41":9,"42":9,"43":9,"44":0,"45":0,"46":0,"47":0,"48":9,"49":9,"50":1,"51":9,"52":9,"53":9,"54":1,"55":9,"56":9,"57":1,"58":1,"59":0,"60":1,"61":1,"62":0,"63":0,"64":9,"65":9,"66":1,"67":1,"68":1,"69":1,"70":1,"71":9,"72":9,"73":9,"74":1,"75":1,"76":1,"77":1,"78":0,"79":0,"80":1,"81":1},"f":{"0":9,"1":9,"2":2,"3":2,"4":0,"5":9,"6":1,"7":9,"8":1,"9":9,"10":1,"11":0,"12":1,"13":1,"14":1,"15":1,"16":1},"b":{"0":[2,0],"1":[1,1],"2":[9,0],"3":[1,0],"4":[9,0],"5":[9,0],"6":[9,0],"7":[9,0],"8":[0,1],"9":[1,0],"10":[0,0],"11":[9,0],"12":[1,0],"13":[9,0],"14":[0,1]},"_coverageSchema":"1a1c01bbd47fc00a2c39e90264f33305004495a9","hash":"e6c0e04c75d2a565b70eaf09941ea7b600e687f9"}
,"/Users/craigtroop/Documents/GitHub/OpenWaves/openwaves/static/js/ve_sessions.js": {"path":"/Users/craigtroop/Documents/GitHub/OpenWaves/openwaves/static/js/ve_sessions.js","statementMap":{"0":{"start":{"line":1,"column":0},"end":{"line":95,"column":3}},"1":{"start":{"line":3,"column":27},"end":{"line":3,"column":64}},"2":{"start":{"line":4,"column":4},"end":{"line":8,"column":5}},"3":{"start":{"line":5,"column":22},"end":{"line":5,"column":32}},"4":{"start":{"line":6,"column":30},"end":{"line":6,"column":63}},"5":{"start":{"line":7,"column":8},"end":{"line":7,"column":45}},"6":{"start":{"line":12,"column":8},"end":{"line":16,"column":9}},"7":{"start":{"line":13,"column":12},"end":{"line":13,"column":45}},"8":{"start":{"line":15,"column":12},"end":{"line":15,"column":48}},"9":{"start":{"line":21,"column":8},"end":{"line":26,"column":11}},"10":{"start":{"line":22,"column":12},"end":{"line":25,"column":19}},"11":{"start":{"line":24,"column":20},"end":{"line":24,"column":94}},"12":{"start":{"line":24,"column":65},"end":{"line":24,"column":92}},"13":{"start":{"line":31,"column":24},"end":{"line":31,"column":62}},"14":{"start":{"line":32,"column":8},"end":{"line":32,"column":58}},"15":{"start":{"line":32,"column":23},"end":{"line":32,"column":58}},"16":{"start":{"line":34,"column":8},"end":{"line":43,"column":11}},"17":{"start":{"line":39,"column":26},"end":{"line":39,"column":41}},"18":{"start":{"line":41,"column":12},"end":{"line":41,"column":43}},"19":{"start":{"line":42,"column":12},"end":{"line":42,"column":58}},"20":{"start":{"line":48,"column":36},"end":{"line":48,"column":84}},"21":{"start":{"line":49,"column":35},"end":{"line":49,"column":82}},"22":{"start":{"line":50,"column":34},"end":{"line":50,"column":80}},"23":{"start":{"line":51,"column":34},"end":{"line":51,"column":80}},"24":{"start":{"line":53,"column":8},"end":{"line":53,"column":101}},"25":{"start":{"line":53,"column":60},"end":{"line":53,"column":99}},"26":{"start":{"line":55,"column":8},"end":{"line":64,"column":11}},"27":{"start":{"line":56,"column":12},"end":{"line":56,"column":31}},"28":{"start":{"line":57,"column":29},"end":{"line":57,"column":60}},"29":{"start":{"line":58,"column":12},"end":{"line":63,"column":15}},"30":{"start":{"line":59,"column":30},"end":{"line":59,"column":45}},"31":{"start":{"line":61,"column":16},"end":{"line":62,"column":68}},"32":{"start":{"line":61,"column":34},"end":{"line":61,"column":52}},"33":{"start":{"line":62,"column":21},"end":{"line":62,"column":68}},"34":{"start":{"line":69,"column":8},"end":{"line":82,"column":11}},"35":{"start":{"line":70,"column":12},"end":{"line":81,"column":15}},"36":{"start":{"line":71,"column":34},"end":{"line":71,"column":64}},"37":{"start":{"line":72,"column":34},"end":{"line":72,"column":90}},"38":{"start":{"line":74,"column":16},"end":{"line":74,"column":109}},"39":{"start":{"line":74,"column":102},"end":{"line":74,"column":109}},"40":{"start":{"line":76,"column":16},"end":{"line":80,"column":19}},"41":{"start":{"line":78,"column":20},"end":{"line":79,"column":73}},"42":{"start":{"line":78,"column":38},"end":{"line":78,"column":56}},"43":{"start":{"line":79,"column":25},"end":{"line":79,"column":73}},"44":{"start":{"line":86,"column":4},"end":{"line":86,"column":24}},"45":{"start":{"line":89,"column":4},"end":{"line":89,"column":30}},"46":{"start":{"line":92,"column":4},"end":{"line":92,"column":70}},"47":{"start":{"line":93,"column":4},"end":{"line":93,"column":56}},"48":{"start":{"line":94,"column":4},"end":{"line":94,"column":58}}},"fnMap":{"0":{"name":"(anonymous_0)","decl":{"start":{"line":1,"column":46},"end":{"line":1,"column":47}},"loc":{"start":{"line":1,"column":52},"end":{"line":95,"column":1}},"line":1},"1":{"name":"toggleModal","decl":{"start":{"line":11,"column":13},"end":{"line":11,"column":24}},"loc":{"start":{"line":11,"column":49},"end":{"line":17,"column":5}},"line":11},"2":{"name":"attachModalEvents","decl":{"start":{"line":20,"column":13},"end":{"line":20,"column":30}},"loc":{"start":{"line":20,"column":33},"end":{"line":27,"column":5}},"line":20},"3":{"name":"(anonymous_3)","decl":{"start":{"line":21,"column":52},"end":{"line":21,"column":53}},"loc":{"start":{"line":21,"column":63},"end":{"line":26,"column":9}},"line":21},"4":{"name":"(anonymous_4)","decl":{"start":{"line":23,"column":25},"end":{"line":23,"column":26}},"loc":{"start":{"line":23,"column":43},"end":{"line":25,"column":17}},"line":23},"5":{"name":"(anonymous_5)","decl":{"start":{"line":24,"column":59},"end":{"line":24,"column":60}},"loc":{"start":{"line":24,"column":65},"end":{"line":24,"column":92}},"line":24},"6":{"name":"makeRequest","decl":{"start":{"line":30,"column":13},"end":{"line":30,"column":24}},"loc":{"start":{"line":30,"column":69},"end":{"line":44,"column":5}},"line":30},"7":{"name":"(anonymous_7)","decl":{"start":{"line":39,"column":14},"end":{"line":39,"column":15}},"loc":{"start":{"line":39,"column":26},"end":{"line":39,"column":41}},"line":39},"8":{"name":"(anonymous_8)","decl":{"start":{"line":40,"column":15},"end":{"line":40,"column":16}},"loc":{"start":{"line":40,"column":24},"end":{"line":43,"column":9}},"line":40},"9":{"name":"handleSessionFormSubmit","decl":{"start":{"line":47,"column":13},"end":{"line":47,"column":36}},"loc":{"start":{"line":47,"column":39},"end":{"line":65,"column":5}},"line":47},"10":{"name":"(anonymous_10)","decl":{"start":{"line":53,"column":54},"end":{"line":53,"column":55}},"loc":{"start":{"line":53,"column":60},"end":{"line":53,"column":99}},"line":53},"11":{"name":"(anonymous_11)","decl":{"start":{"line":55,"column":52},"end":{"line":55,"column":53}},"loc":{"start":{"line":55,"column":59},"end":{"line":64,"column":9}},"line":55},"12":{"name":"(anonymous_12)","decl":{"start":{"line":59,"column":18},"end":{"line":59,"column":19}},"loc":{"start":{"line":59,"column":30},"end":{"line":59,"column":45}},"line":59},"13":{"name":"(anonymous_13)","decl":{"start":{"line":60,"column":18},"end":{"line":60,"column":19}},"loc":{"start":{"line":60,"column":26},"end":{"line":63,"column":13}},"line":60},"14":{"name":"handleSessionAction","decl":{"start":{"line":68,"column":13},"end":{"line":68,"column":32}},"loc":{"start":{"line":68,"column":74},"end":{"line":83,"column":5}},"line":68},"15":{"name":"(anonymous_15)","decl":{"start":{"line":69,"column":58},"end":{"line":69,"column":59}},"loc":{"start":{"line":69,"column":70},"end":{"line":82,"column":9}},"line":69},"16":{"name":"(anonymous_16)","decl":{"start":{"line":70,"column":45},"end":{"line":70,"column":46}},"loc":{"start":{"line":70,"column":51},"end":{"line":81,"column":13}},"line":70},"17":{"name":"(anonymous_17)","decl":{"start":{"line":77,"column":22},"end":{"line":77,"column":23}},"loc":{"start":{"line":77,"column":30},"end":{"line":80,"column":17}},"line":77}},"branchMap":{"0":{"loc":{"start":{"line":4,"column":4},"end":{"line":8,"column":5}},"type":"if","locations":[{"start":{"line":4,"column":4},"end":{"line":8,"column":5}},{"start":{},"end":{}}],"line":4},"1":{"loc":{"start":{"line":11,"column":32},"end":{"line":11,"column":47}},"type":"default-arg","locations":[{"start":{"line":11,"column":41},"end":{"line":11,"column":47}}],"line":11},"2":{"loc":{"start":{"line":12,"column":8},"end":{"line":16,"column":9}},"type":"if","locations":[{"start":{"line":12,"column":8},"end":{"line":16,"column":9}},{"start":{"line":14,"column":15},"end":{"line":16,"column":9}}],"line":12},"3":{"loc":{"start":{"line":30,"column":38},"end":{"line":30,"column":49}},"type":"default-arg","locations":[{"start":{"line":30,"column":45},"end":{"line":30,"column":49}}],"line":30},"4":{"loc":{"start":{"line":30,"column":51},"end":{"line":30,"column":67}},"type":"default-arg","locations":[{"start":{"line":30,"column":63},"end":{"line":30,"column":67}}],"line":30},"5":{"loc":{"start":{"line":32,"column":8},"end":{"line":32,"column":58}},"type":"if","locations":[{"start":{"line":32,"column":8},"end":{"line":32,"column":58}},{"start":{},"end":{}}],"line":32},"6":{"loc":{"start":{"line":37,"column":18},"end":{"line":37,"column":52}},"type":"cond-expr","locations":[{"start":{"line":37,"column":25},"end":{"line":37,"column":45}},{"start":{"line":37,"column":48},"end":{"line":37,"column":52}}],"line":37},"7":{"loc":{"start":{"line":61,"column":16},"end":{"line":62,"column":68}},"type":"if","locations":[{"start":{"line":61,"column":16},"end":{"line":62,"column":68}},{"start":{"line":62,"column":21},"end":{"line":62,"column":68}}],"line":61},"8":{"loc":{"start":{"line":68,"column":57},"end":{"line":68,"column":72}},"type":"default-arg","locations":[{"start":{"line":68,"column":66},"end":{"line":68,"column":72}}],"line":68},"9":{"loc":{"start":{"line":74,"column":16},"end":{"line":74,"column":109}},"type":"if","locations":[{"start":{"line":74,"column":16},"end":{"line":74,"column":109}},{"start":{},"end":{}}],"line":74},"10":{"loc":{"start":{"line":74,"column":20},"end":{"line":74,"column":100}},"type":"binary-expr","locations":[{"start":{"line":74,"column":20},"end":{"line":74,"column":39}},{"start":{"line":74,"column":43},"end":{"line":74,"column":100}}],"line":74},"11":{"loc":{"start":{"line":78,"column":20},"end":{"line":79,"column":73}},"type":"if","locations":[{"start":{"line":78,"column":20},"end":{"line":79,"column":73}},{"start":{"line":79,"column":25},"end":{"line":79,"column":73}}],"line":78}},"s":{"0":1,"1":7,"2":7,"3":7,"4":7,"5":7,"6":1,"7":1,"8":0,"9":7,"10":7,"11":0,"12":0,"13":3,"14":3,"15":3,"16":3,"17":3,"18":0,"19":0,"20":7,"21":7,"22":7,"23":7,"24":7,"25":1,"26":7,"27":1,"28":1,"29":1,"30":1,"31":1,"32":1,"33":0,"34":21,"35":21,"36":4,"37":4,"38":4,"39":1,"40":3,"41":3,"42":3,"43":0,"44":7,"45":7,"46":7,"47":7,"48":7},"f":{"0":7,"1":1,"2":7,"3":7,"4":0,"5":0,"6":3,"7":3,"8":0,"9":7,"10":1,"11":1,"12":1,"13":1,"14":21,"15":21,"16":4,"17":3},"b":{"0":[7,0],"1":[0],"2":[1,0],"3":[0],"4":[0],"5":[3,0],"6":[3,0],"7":[1,0],"8":[14],"9":[1,3],"10":[4,2],"11":[3,0]},"_coverageSchema":"1a1c01bbd47fc00a2c39e90264f33305004495a9","hash":"a6a68c90e46b3169f578abfe53396e23c615c0b8"}
}
