TN:
SF:openwaves/static/js/navbar.js
FN:10,toggleMenu
FN:33,(anonymous_1)
FN:43,(anonymous_2)
FN:45,(anonymous_3)
FN:50,(anonymous_4)
FNF:5
FNH:5
FNDA:12,toggleMenu
FNDA:15,(anonymous_1)
FNDA:15,(anonymous_2)
FNDA:6,(anonymous_3)
FNDA:5,(anonymous_4)
DA:12,12
DA:13,12
DA:16,12
DA:18,10
DA:19,10
DA:22,10
DA:23,10
DA:26,2
DA:31,1
DA:33,1
DA:35,15
DA:41,15
DA:43,14
DA:45,15
DA:46,6
DA:50,15
DA:51,5
DA:52,4
DA:53,4
LF:19
LH:19
BRDA:16,0,0,10
BRDA:16,0,1,2
BRDA:41,1,0,14
BRDA:41,1,1,1
BRDA:51,2,0,4
BRDA:51,2,1,1
BRDA:51,3,0,5
BRDA:51,3,1,3
BRF:8
BRH:8
end_of_record
TN:
SF:openwaves/static/js/pools.js
FN:1,(anonymous_0)
FN:3,(anonymous_1)
FN:4,(anonymous_2)
FN:17,(anonymous_3)
FN:25,(anonymous_4)
FN:34,(anonymous_5)
FN:35,(anonymous_6)
FN:44,(anonymous_7)
FN:45,(anonymous_8)
FN:53,(anonymous_9)
FN:54,(anonymous_10)
FN:88,(anonymous_11)
FN:101,(anonymous_12)
FN:110,(anonymous_13)
FN:118,(anonymous_14)
FN:132,(anonymous_15)
FN:146,(anonymous_16)
FNF:17
FNH:15
FNDA:9,(anonymous_0)
FNDA:9,(anonymous_1)
FNDA:2,(anonymous_2)
FNDA:2,(anonymous_3)
FNDA:0,(anonymous_4)
FNDA:9,(anonymous_5)
FNDA:1,(anonymous_6)
FNDA:9,(anonymous_7)
FNDA:1,(anonymous_8)
FNDA:9,(anonymous_9)
FNDA:1,(anonymous_10)
FNDA:0,(anonymous_11)
FNDA:1,(anonymous_12)
FNDA:1,(anonymous_13)
FNDA:1,(anonymous_14)
FNDA:1,(anonymous_15)
FNDA:1,(anonymous_16)
DA:1,1
DA:3,9
DA:4,9
DA:5,2
DA:6,2
DA:7,2
DA:9,2
DA:10,2
DA:18,2
DA:19,1
DA:20,1
DA:22,1
DA:26,0
DA:27,0
DA:34,9
DA:35,9
DA:36,1
DA:37,1
DA:42,9
DA:43,9
DA:44,9
DA:45,9
DA:46,1
DA:47,1
DA:53,9
DA:54,9
DA:55,1
DA:56,1
DA:57,1
DA:58,1
DA:61,1
DA:66,1
DA:67,1
DA:68,1
DA:70,0
DA:74,1
DA:79,9
DA:80,9
DA:81,9
DA:82,9
DA:83,9
DA:84,9
DA:87,9
DA:88,9
DA:90,0
DA:91,0
DA:92,0
DA:95,0
DA:100,9
DA:101,9
DA:102,1
DA:108,9
DA:109,9
DA:110,9
DA:111,1
DA:117,9
DA:118,9
DA:119,1
DA:120,1
DA:121,0
DA:122,1
DA:123,1
DA:124,0
DA:125,0
DA:131,9
DA:132,9
DA:133,1
DA:134,1
DA:135,1
DA:136,1
DA:137,1
DA:144,9
DA:145,9
DA:146,9
DA:147,1
DA:149,1
DA:152,1
DA:157,1
DA:158,0
DA:159,0
DA:161,1
DA:165,1
LF:82
LH:70
BRDA:9,0,0,2
BRDA:9,0,1,0
BRDA:18,1,0,1
BRDA:18,1,1,1
BRDA:43,2,0,9
BRDA:43,2,1,0
BRDA:66,3,0,1
BRDA:66,3,1,0
BRDA:87,4,0,9
BRDA:87,4,1,0
BRDA:100,5,0,9
BRDA:100,5,1,0
BRDA:109,6,0,9
BRDA:109,6,1,0
BRDA:117,7,0,9
BRDA:117,7,1,0
BRDA:120,8,0,0
BRDA:120,8,1,1
BRDA:122,9,0,1
BRDA:122,9,1,0
BRDA:124,10,0,0
BRDA:124,10,1,0
BRDA:131,11,0,9
BRDA:131,11,1,0
BRDA:134,12,0,1
BRDA:134,12,1,0
BRDA:145,13,0,9
BRDA:145,13,1,0
BRDA:157,14,0,0
BRDA:157,14,1,1
BRF:30
BRH:15
end_of_record
TN:
SF:openwaves/static/js/ve_sessions.js
FN:1,(anonymous_0)
FN:11,toggleModal
FN:20,attachModalEvents
FN:21,(anonymous_3)
FN:23,(anonymous_4)
FN:24,(anonymous_5)
FN:30,makeRequest
FN:39,(anonymous_7)
FN:40,(anonymous_8)
FN:47,handleSessionFormSubmit
FN:53,(anonymous_10)
FN:55,(anonymous_11)
FN:59,(anonymous_12)
FN:60,(anonymous_13)
FN:68,handleSessionAction
FN:69,(anonymous_15)
FN:70,(anonymous_16)
FN:77,(anonymous_17)
FNF:18
FNH:15
FNDA:7,(anonymous_0)
FNDA:1,toggleModal
FNDA:7,attachModalEvents
FNDA:7,(anonymous_3)
FNDA:0,(anonymous_4)
FNDA:0,(anonymous_5)
FNDA:3,makeRequest
FNDA:3,(anonymous_7)
FNDA:0,(anonymous_8)
FNDA:7,handleSessionFormSubmit
FNDA:1,(anonymous_10)
FNDA:1,(anonymous_11)
FNDA:1,(anonymous_12)
FNDA:1,(anonymous_13)
FNDA:21,handleSessionAction
FNDA:21,(anonymous_15)
FNDA:4,(anonymous_16)
FNDA:3,(anonymous_17)
DA:1,1
DA:3,7
DA:4,7
DA:5,7
DA:6,7
DA:7,7
DA:12,1
DA:13,1
DA:15,0
DA:21,7
DA:22,7
DA:24,0
DA:31,3
DA:32,3
DA:34,3
DA:39,3
DA:41,0
DA:42,0
DA:48,7
DA:49,7
DA:50,7
DA:51,7
DA:53,7
DA:55,7
DA:56,1
DA:57,1
DA:58,1
DA:59,1
DA:61,1
DA:62,0
DA:69,21
DA:70,21
DA:71,4
DA:72,4
DA:74,4
DA:76,3
DA:78,3
DA:79,0
DA:86,7
DA:89,7
DA:92,7
DA:93,7
DA:94,7
LF:43
LH:37
BRDA:4,0,0,7
BRDA:4,0,1,0
BRDA:11,1,0,0
BRDA:12,2,0,1
BRDA:12,2,1,0
BRDA:30,3,0,0
BRDA:30,4,0,0
BRDA:32,5,0,3
BRDA:32,5,1,0
BRDA:37,6,0,3
BRDA:37,6,1,0
BRDA:61,7,0,1
BRDA:61,7,1,0
BRDA:68,8,0,14
BRDA:74,9,0,1
BRDA:74,9,1,3
BRDA:74,10,0,4
BRDA:74,10,1,2
BRDA:78,11,0,3
BRDA:78,11,1,0
BRF:20
BRH:11
end_of_record
